<?xml version="1.0" encoding="UTF-8" ?>
<!DOCTYPE mapper
  PUBLIC "-//mybatis.org//DTD Mapper 3.0//EN"
  "https://mybatis.org/dtd/mybatis-3-mapper.dtd"> 

<mapper namespace="TestMapper">

<insert id="insert">
	INSERT INTO TEST(TEST1, TEST2) VALUES (#{test1}, #{test2})
</insert>

<select id="list" resultType="TestVo">
	SELECT * FROM TEST
</select>

</mapper>